[2025-08-24 12:24:39] TypeError: Bind parameters must not contain undefined. To pass SQL NULL specify JS null
    at D:\sms-project\api\node_modules\mysql2\lib\base\connection.js:660:17
    at Array.forEach (<anonymous>)
    at PoolConnection.execute (D:\sms-project\api\node_modules\mysql2\lib\base\connection.js:652:22)
    at D:\sms-project\api\node_modules\mysql2\lib\promise\connection.js:56:11
    at new Promise (<anonymous>)
    at PromisePoolConnection.execute (D:\sms-project\api\node_modules\mysql2\lib\promise\connection.js:53:12)
    at ClassModel.update (D:\sms-project\api\src\models\classModel.js:284:28)
    at process.processTicksAndRejections (node:internal/process/task_queues:105:5)
    at async update (D:\sms-project\api\src\controllers\classController.js:131:34)
[2025-08-24 12:25:52] TypeError: Bind parameters must not contain undefined. To pass SQL NULL specify JS null
    at D:\sms-project\api\node_modules\mysql2\lib\base\connection.js:660:17
    at Array.forEach (<anonymous>)
    at PoolConnection.execute (D:\sms-project\api\node_modules\mysql2\lib\base\connection.js:652:22)
    at D:\sms-project\api\node_modules\mysql2\lib\promise\connection.js:56:11
    at new Promise (<anonymous>)
    at PromisePoolConnection.execute (D:\sms-project\api\node_modules\mysql2\lib\promise\connection.js:53:12)
    at ClassModel.update (D:\sms-project\api\src\models\classModel.js:284:28)
    at process.processTicksAndRejections (node:internal/process/task_queues:105:5)
    at async update (D:\sms-project\api\src\controllers\classController.js:131:34)
[2025-08-24 12:26:21] TypeError: Cannot read properties of undefined (reading 'teacher_id')
    at getAll (D:\sms-project\api\src\controllers\classController.js:88:73)
    at Layer.handleRequest (D:\sms-project\api\node_modules\router\lib\layer.js:152:17)
    at next (D:\sms-project\api\node_modules\router\lib\route.js:157:13)
    at Route.dispatch (D:\sms-project\api\node_modules\router\lib\route.js:117:3)
    at handle (D:\sms-project\api\node_modules\router\index.js:435:11)
    at Layer.handleRequest (D:\sms-project\api\node_modules\router\lib\layer.js:152:17)
    at D:\sms-project\api\node_modules\router\index.js:295:15
    at processParams (D:\sms-project\api\node_modules\router\index.js:582:12)
    at next (D:\sms-project\api\node_modules\router\index.js:291:5)
    at Function.handle (D:\sms-project\api\node_modules\router\index.js:186:3)
[2025-08-24 12:27:20] TypeError: Cannot read properties of undefined (reading 'teacher_id')
    at getAll (D:\sms-project\api\src\controllers\classController.js:88:73)
    at Layer.handleRequest (D:\sms-project\api\node_modules\router\lib\layer.js:152:17)
    at next (D:\sms-project\api\node_modules\router\lib\route.js:157:13)
    at Route.dispatch (D:\sms-project\api\node_modules\router\lib\route.js:117:3)
    at handle (D:\sms-project\api\node_modules\router\index.js:435:11)
    at Layer.handleRequest (D:\sms-project\api\node_modules\router\lib\layer.js:152:17)
    at D:\sms-project\api\node_modules\router\index.js:295:15
    at processParams (D:\sms-project\api\node_modules\router\index.js:582:12)
    at next (D:\sms-project\api\node_modules\router\index.js:291:5)
    at Function.handle (D:\sms-project\api\node_modules\router\index.js:186:3)
[2025-08-24 12:27:43] TypeError: Cannot read properties of undefined (reading 'teacher_id')
    at getAll (D:\sms-project\api\src\controllers\classController.js:88:73)
    at Layer.handleRequest (D:\sms-project\api\node_modules\router\lib\layer.js:152:17)
    at next (D:\sms-project\api\node_modules\router\lib\route.js:157:13)
    at Route.dispatch (D:\sms-project\api\node_modules\router\lib\route.js:117:3)
    at handle (D:\sms-project\api\node_modules\router\index.js:435:11)
    at Layer.handleRequest (D:\sms-project\api\node_modules\router\lib\layer.js:152:17)
    at D:\sms-project\api\node_modules\router\index.js:295:15
    at processParams (D:\sms-project\api\node_modules\router\index.js:582:12)
    at next (D:\sms-project\api\node_modules\router\index.js:291:5)
    at Function.handle (D:\sms-project\api\node_modules\router\index.js:186:3)
[2025-08-24 12:28:48] TypeError: Cannot read properties of undefined (reading 'teacher_id')
    at getAll (D:\sms-project\api\src\controllers\classController.js:88:73)
    at Layer.handleRequest (D:\sms-project\api\node_modules\router\lib\layer.js:152:17)
    at next (D:\sms-project\api\node_modules\router\lib\route.js:157:13)
    at Route.dispatch (D:\sms-project\api\node_modules\router\lib\route.js:117:3)
    at handle (D:\sms-project\api\node_modules\router\index.js:435:11)
    at Layer.handleRequest (D:\sms-project\api\node_modules\router\lib\layer.js:152:17)
    at D:\sms-project\api\node_modules\router\index.js:295:15
    at processParams (D:\sms-project\api\node_modules\router\index.js:582:12)
    at next (D:\sms-project\api\node_modules\router\index.js:291:5)
    at Function.handle (D:\sms-project\api\node_modules\router\index.js:186:3)
[2025-08-24 12:29:19] TypeError: Converting circular structure to JSON
    --> starting at object with constructor 'Socket'
    |     property 'parser' -> object with constructor 'HTTPParser'
    --- property 'socket' closes the circle
    at JSON.stringify (<anonymous>)
    at stringify (D:\sms-project\api\node_modules\express\lib\response.js:1020:12)
    at ServerResponse.json (D:\sms-project\api\node_modules\express\lib\response.js:243:14)
    at ServerResponse.send (D:\sms-project\api\node_modules\express\lib\response.js:149:21)
    at getAll (D:\sms-project\api\src\controllers\classController.js:87:29)
    at Layer.handleRequest (D:\sms-project\api\node_modules\router\lib\layer.js:152:17)
    at next (D:\sms-project\api\node_modules\router\lib\route.js:157:13)
    at Route.dispatch (D:\sms-project\api\node_modules\router\lib\route.js:117:3)
    at handle (D:\sms-project\api\node_modules\router\index.js:435:11)
    at Layer.handleRequest (D:\sms-project\api\node_modules\router\lib\layer.js:152:17)
[2025-08-24 12:29:30] TypeError: Converting circular structure to JSON
    --> starting at object with constructor 'Socket'
    |     property 'parser' -> object with constructor 'HTTPParser'
    --- property 'socket' closes the circle
    at JSON.stringify (<anonymous>)
    at stringify (D:\sms-project\api\node_modules\express\lib\response.js:1020:12)
    at ServerResponse.json (D:\sms-project\api\node_modules\express\lib\response.js:243:14)
    at ServerResponse.send (D:\sms-project\api\node_modules\express\lib\response.js:149:21)
    at getAll (D:\sms-project\api\src\controllers\classController.js:87:29)
    at Layer.handleRequest (D:\sms-project\api\node_modules\router\lib\layer.js:152:17)
    at next (D:\sms-project\api\node_modules\router\lib\route.js:157:13)
    at Route.dispatch (D:\sms-project\api\node_modules\router\lib\route.js:117:3)
    at handle (D:\sms-project\api\node_modules\router\index.js:435:11)
    at Layer.handleRequest (D:\sms-project\api\node_modules\router\lib\layer.js:152:17)
[2025-08-24 12:46:05] AggregateError [ECONNREFUSED]: 
    at internalConnectMultiple (node:net:1134:18)
    at afterConnectMultiple (node:net:1715:7)
[2025-08-24 13:47:44] Error: Unknown database 'sms'
    at Packet.asError (D:\sms-project\api\node_modules\mysql2\lib\packets\packet.js:740:17)
    at ClientHandshake.execute (D:\sms-project\api\node_modules\mysql2\lib\commands\command.js:29:26)
    at PoolConnection.handlePacket (D:\sms-project\api\node_modules\mysql2\lib\base\connection.js:475:34)
    at PacketParser.onPacket (D:\sms-project\api\node_modules\mysql2\lib\base\connection.js:93:12)
    at PacketParser.executeStart (D:\sms-project\api\node_modules\mysql2\lib\packet_parser.js:75:16)
    at Socket.<anonymous> (D:\sms-project\api\node_modules\mysql2\lib\base\connection.js:100:25)
    at Socket.emit (node:events:518:28)
    at addChunk (node:internal/streams/readable:561:12)
    at readableAddChunkPushByteMode (node:internal/streams/readable:512:3)
    at Readable.push (node:internal/streams/readable:392:5)
