[2025-07-09 12:29:08] TypeError: Cannot read properties of undefined (reading 'filename')
    at StudentModel.create (D:\sms-project\api\src\models\studentModel.js:17:132)
    at process.processTicksAndRejections (node:internal/process/task_queues:105:5)
    at async createStudent (D:\sms-project\api\src\controllers\studentController.js:18:28)
[2025-07-09 12:30:06] TypeError: Cannot read properties of undefined (reading 'filename')
    at StudentModel.create (D:\sms-project\api\src\models\studentModel.js:17:132)
    at process.processTicksAndRejections (node:internal/process/task_queues:105:5)
    at async createStudent (D:\sms-project\api\src\controllers\studentController.js:18:28)
[2025-07-09 12:30:40] TypeError: Cannot read properties of undefined (reading 'filename')
    at StudentModel.create (D:\sms-project\api\src\models\studentModel.js:17:132)
    at process.processTicksAndRejections (node:internal/process/task_queues:105:5)
    at async createStudent (D:\sms-project\api\src\controllers\studentController.js:18:28)
[2025-07-09 12:32:46] TypeError: Cannot set properties of undefined (setting 'filename')
    at createStudent (D:\sms-project\api\src\controllers\studentController.js:16:35)
    at Layer.handleRequest (D:\sms-project\api\node_modules\router\lib\layer.js:152:17)
    at next (D:\sms-project\api\node_modules\router\lib\route.js:157:13)
    at done (D:\sms-project\api\node_modules\multer\lib\make-middleware.js:59:7)
    at indicateDone (D:\sms-project\api\node_modules\multer\lib\make-middleware.js:63:68)
    at Multipart.<anonymous> (D:\sms-project\api\node_modules\multer\lib\make-middleware.js:182:7)
    at Multipart.emit (node:events:518:28)
    at emitCloseNT (node:internal/streams/destroy:148:10)
    at process.processTicksAndRejections (node:internal/process/task_queues:89:21)
[2025-07-09 12:33:34] TypeError: Cannot set properties of undefined (setting 'filename')
    at StudentModel.create (D:\sms-project\api\src\models\studentModel.js:6:27)
    at createStudent (D:\sms-project\api\src\controllers\studentController.js:20:52)
    at Layer.handleRequest (D:\sms-project\api\node_modules\router\lib\layer.js:152:17)
    at next (D:\sms-project\api\node_modules\router\lib\route.js:157:13)
    at done (D:\sms-project\api\node_modules\multer\lib\make-middleware.js:59:7)
    at indicateDone (D:\sms-project\api\node_modules\multer\lib\make-middleware.js:63:68)
    at Multipart.<anonymous> (D:\sms-project\api\node_modules\multer\lib\make-middleware.js:182:7)
    at Multipart.emit (node:events:518:28)
    at emitCloseNT (node:internal/streams/destroy:148:10)
    at process.processTicksAndRejections (node:internal/process/task_queues:89:21)
[2025-07-09 12:39:27] TypeError: Cannot set properties of undefined (setting 'filename')
    at StudentModel.create (D:\sms-project\api\src\models\studentModel.js:6:27)
    at createStudent (D:\sms-project\api\src\controllers\studentController.js:22:52)
    at Layer.handleRequest (D:\sms-project\api\node_modules\router\lib\layer.js:152:17)
    at next (D:\sms-project\api\node_modules\router\lib\route.js:157:13)
    at done (D:\sms-project\api\node_modules\multer\lib\make-middleware.js:59:7)
    at indicateDone (D:\sms-project\api\node_modules\multer\lib\make-middleware.js:63:68)
    at Multipart.<anonymous> (D:\sms-project\api\node_modules\multer\lib\make-middleware.js:182:7)
    at Multipart.emit (node:events:518:28)
    at emitCloseNT (node:internal/streams/destroy:148:10)
    at process.processTicksAndRejections (node:internal/process/task_queues:89:21)
[2025-07-09 12:40:11] TypeError: Cannot set properties of undefined (setting 'filename')
    at StudentModel.create (D:\sms-project\api\src\models\studentModel.js:6:27)
    at createStudent (D:\sms-project\api\src\controllers\studentController.js:22:52)
    at Layer.handleRequest (D:\sms-project\api\node_modules\router\lib\layer.js:152:17)
    at next (D:\sms-project\api\node_modules\router\lib\route.js:157:13)
    at done (D:\sms-project\api\node_modules\multer\lib\make-middleware.js:59:7)
    at indicateDone (D:\sms-project\api\node_modules\multer\lib\make-middleware.js:63:68)
    at Multipart.<anonymous> (D:\sms-project\api\node_modules\multer\lib\make-middleware.js:182:7)
    at Multipart.emit (node:events:518:28)
    at emitCloseNT (node:internal/streams/destroy:148:10)
    at process.processTicksAndRejections (node:internal/process/task_queues:89:21)
[2025-07-09 13:48:18] Error: Cannot add or update a child row: a foreign key constraint fails (`sms`.`student_profiles`, CONSTRAINT `fk_student_profiles_academic_year` FOREIGN KEY (`academic_year_id`) REFERENCES `academic_years` (`id`))
    at PromisePoolConnection.execute (D:\sms-project\api\node_modules\mysql2\lib\promise\connection.js:47:22)
    at StudentModel.create (D:\sms-project\api\src\models\studentModel.js:24:30)
    at process.processTicksAndRejections (node:internal/process/task_queues:105:5)
    at async createStudent (D:\sms-project\api\src\controllers\studentController.js:24:28)
[2025-07-09 13:50:57] Error: Invalid academic year ID
    at StudentModel.create (D:\sms-project\api\src\models\studentModel.js:74:13)
    at process.processTicksAndRejections (node:internal/process/task_queues:105:5)
    at async createStudent (D:\sms-project\api\src\controllers\studentController.js:24:28)
[2025-07-09 13:52:57] Error: Cannot add or update a child row: a foreign key constraint fails (`sms`.`student_profiles`, CONSTRAINT `fk_student_profiles_academic_year` FOREIGN KEY (`academic_year_id`) REFERENCES `academic_years` (`id`))
    at PromisePoolConnection.execute (D:\sms-project\api\node_modules\mysql2\lib\promise\connection.js:47:22)
    at StudentModel.create (D:\sms-project\api\src\models\studentModel.js:24:30)
    at process.processTicksAndRejections (node:internal/process/task_queues:105:5)
    at async createStudent (D:\sms-project\api\src\controllers\studentController.js:24:28)
[2025-07-09 13:53:07] Error: Invalid academic year ID
    at StudentModel.create (D:\sms-project\api\src\models\studentModel.js:74:13)
    at process.processTicksAndRejections (node:internal/process/task_queues:105:5)
    at async createStudent (D:\sms-project\api\src\controllers\studentController.js:24:28)
[2025-07-09 15:00:21] Error: Invalid academic year ID
    at StudentModel.create (D:\sms-project\api\src\models\studentModel.js:74:13)
    at process.processTicksAndRejections (node:internal/process/task_queues:105:5)
    at async createStudent (D:\sms-project\api\src\controllers\studentController.js:24:28)
[2025-07-09 15:01:46] Error: Duplicate entry 'student@gmail.com' for key 'users.email'
    at StudentModel.create (D:\sms-project\api\src\models\studentModel.js:74:13)
    at process.processTicksAndRejections (node:internal/process/task_queues:105:5)
    at async createStudent (D:\sms-project\api\src\controllers\studentController.js:24:28)
[2025-07-09 15:01:54] Error: Duplicate entry 'student001' for key 'users.username'
    at StudentModel.create (D:\sms-project\api\src\models\studentModel.js:74:13)
    at process.processTicksAndRejections (node:internal/process/task_queues:105:5)
    at async createStudent (D:\sms-project\api\src\controllers\studentController.js:24:28)
[2025-07-09 15:20:50] Error: Column count doesn't match value count at row 1
    at StudentModel.create (D:\sms-project\api\src\models\studentModel.js:81:13)
    at process.processTicksAndRejections (node:internal/process/task_queues:105:5)
    at async createStudent (D:\sms-project\api\src\controllers\studentController.js:24:28)
[2025-07-09 15:21:13] Error: Column count doesn't match value count at row 1
    at StudentModel.create (D:\sms-project\api\src\models\studentModel.js:81:13)
    at process.processTicksAndRejections (node:internal/process/task_queues:105:5)
    at async createStudent (D:\sms-project\api\src\controllers\studentController.js:24:28)
[2025-07-09 15:21:54] Error: Column count doesn't match value count at row 1
    at StudentModel.create (D:\sms-project\api\src\models\studentModel.js:81:13)
    at process.processTicksAndRejections (node:internal/process/task_queues:105:5)
    at async createStudent (D:\sms-project\api\src\controllers\studentController.js:24:28)
[2025-07-09 15:22:18] Error: Column count doesn't match value count at row 1
    at StudentModel.create (D:\sms-project\api\src\models\studentModel.js:81:13)
    at process.processTicksAndRejections (node:internal/process/task_queues:105:5)
    at async createStudent (D:\sms-project\api\src\controllers\studentController.js:24:28)
[2025-07-09 15:22:32] Error: Column count doesn't match value count at row 1
    at StudentModel.create (D:\sms-project\api\src\models\studentModel.js:81:13)
    at process.processTicksAndRejections (node:internal/process/task_queues:105:5)
    at async createStudent (D:\sms-project\api\src\controllers\studentController.js:24:28)
[2025-07-09 15:23:04] Error: Column count doesn't match value count at row 1
    at StudentModel.create (D:\sms-project\api\src\models\studentModel.js:81:13)
    at process.processTicksAndRejections (node:internal/process/task_queues:105:5)
    at async createStudent (D:\sms-project\api\src\controllers\studentController.js:24:28)
[2025-07-09 15:23:32] Error: Column count doesn't match value count at row 1
    at StudentModel.create (D:\sms-project\api\src\models\studentModel.js:81:13)
    at process.processTicksAndRejections (node:internal/process/task_queues:105:5)
    at async createStudent (D:\sms-project\api\src\controllers\studentController.js:24:28)
[2025-07-09 15:24:47] Error: Column count doesn't match value count at row 1
    at StudentModel.create (D:\sms-project\api\src\models\studentModel.js:81:13)
    at process.processTicksAndRejections (node:internal/process/task_queues:105:5)
    at async createStudent (D:\sms-project\api\src\controllers\studentController.js:24:28)
[2025-07-09 15:26:15] Error: Column count doesn't match value count at row 1
    at StudentModel.create (D:\sms-project\api\src\models\studentModel.js:81:13)
    at process.processTicksAndRejections (node:internal/process/task_queues:105:5)
    at async createStudent (D:\sms-project\api\src\controllers\studentController.js:24:28)
[2025-07-09 15:26:29] Error: Column count doesn't match value count at row 1
    at StudentModel.create (D:\sms-project\api\src\models\studentModel.js:81:13)
    at process.processTicksAndRejections (node:internal/process/task_queues:105:5)
    at async createStudent (D:\sms-project\api\src\controllers\studentController.js:24:28)
[2025-07-09 15:28:28] Error: Duplicate entry 'student1@gmail.com' for key 'users.email'
    at StudentModel.create (D:\sms-project\api\src\models\studentModel.js:81:13)
    at process.processTicksAndRejections (node:internal/process/task_queues:105:5)
    at async createStudent (D:\sms-project\api\src\controllers\studentController.js:24:28)
[2025-07-09 15:31:05] Error: Duplicate entry 'student3@gmail.com' for key 'users.email'
    at StudentModel.create (D:\sms-project\api\src\models\studentModel.js:81:13)
    at process.processTicksAndRejections (node:internal/process/task_queues:105:5)
    at async createStudent (D:\sms-project\api\src\controllers\studentController.js:24:28)
[2025-07-09 18:26:01] Error: Incorrect datetime value: '2025-27-07 07:55:00' for column 'created_at' at row 1
    at StudentModel.create (D:\sms-project\api\src\models\studentModel.js:77:13)
    at process.processTicksAndRejections (node:internal/process/task_queues:105:5)
    at async createStudent (D:\sms-project\api\src\controllers\studentController.js:25:28)
[2025-07-09 18:26:11] Error: Duplicate entry 'student7@gmail.com' for key 'users.email'
    at StudentModel.create (D:\sms-project\api\src\models\studentModel.js:77:13)
    at process.processTicksAndRejections (node:internal/process/task_queues:105:5)
    at async createStudent (D:\sms-project\api\src\controllers\studentController.js:25:28)
[2025-07-09 18:27:25] Error: Duplicate entry 'student9@gmail.com' for key 'users.email'
    at StudentModel.create (D:\sms-project\api\src\models\studentModel.js:77:13)
    at process.processTicksAndRejections (node:internal/process/task_queues:105:5)
    at async createStudent (D:\sms-project\api\src\controllers\studentController.js:25:28)
[2025-07-09 18:35:15] Error: Duplicate entry 'student10@gmail.com' for key 'users.email'
    at StudentModel.create (D:\sms-project\api\src\models\studentModel.js:77:13)
    at process.processTicksAndRejections (node:internal/process/task_queues:105:5)
    at async createStudent (D:\sms-project\api\src\controllers\studentController.js:25:28)
[2025-07-09 20:47:47] Error: Duplicate entry 'student11@gmail.com' for key 'users.email'
    at StudentModel.create (D:\sms-project\api\src\models\studentModel.js:77:13)
    at process.processTicksAndRejections (node:internal/process/task_queues:105:5)
    at async createStudent (D:\sms-project\api\src\controllers\studentController.js:25:28)
[2025-07-09 20:54:33] Error: Duplicate entry 'student13@gmail.com' for key 'users.email'
    at StudentModel.create (D:\sms-project\api\src\models\studentModel.js:77:13)
    at process.processTicksAndRejections (node:internal/process/task_queues:105:5)
    at async createStudent (D:\sms-project\api\src\controllers\studentController.js:25:28)
[2025-07-09 20:54:45] Error [ERR_HTTP_HEADERS_SENT]: Cannot set headers after they are sent to the client
    at ServerResponse.setHeader (node:_http_outgoing:700:11)
    at ServerResponse.header (D:\sms-project\api\node_modules\express\lib\response.js:684:10)
    at ServerResponse.send (D:\sms-project\api\node_modules\express\lib\response.js:161:12)
    at ServerResponse.json (D:\sms-project\api\node_modules\express\lib\response.js:250:15)
    at Object.responseSuccess (D:\sms-project\api\src\helper\response\responseStudent.js:6:28)
    at createStudent (D:\sms-project\api\src\controllers\studentController.js:27:30)
    at process.processTicksAndRejections (node:internal/process/task_queues:105:5)
[2025-07-09 20:59:16] Error: Duplicate entry 'student14@gmail.com' for key 'users.email'
    at StudentModel.create (D:\sms-project\api\src\models\studentModel.js:78:13)
    at process.processTicksAndRejections (node:internal/process/task_queues:105:5)
    at async createStudent (D:\sms-project\api\src\controllers\studentController.js:25:28)
[2025-07-09 22:06:46] TypeError: studentModel.getStudentById is not a function
    at updateStudent (D:\sms-project\api\src\controllers\studentController.js:57:52)
    at Layer.handleRequest (D:\sms-project\api\node_modules\router\lib\layer.js:152:17)
    at next (D:\sms-project\api\node_modules\router\lib\route.js:157:13)
    at done (D:\sms-project\api\node_modules\multer\lib\make-middleware.js:59:7)
    at indicateDone (D:\sms-project\api\node_modules\multer\lib\make-middleware.js:63:68)
    at D:\sms-project\api\node_modules\multer\lib\make-middleware.js:171:11
    at WriteStream.<anonymous> (D:\sms-project\api\node_modules\multer\storage\disk.js:43:9)
    at WriteStream.emit (node:events:530:35)
    at finish (node:internal/streams/writable:955:10)
    at node:internal/streams/writable:936:13
[2025-07-09 22:08:15] Error: Bind parameters must not contain undefined. To pass SQL NULL specify JS null
    at StudentModel.update (D:\sms-project\api\src\models\studentModel.js:304:13)
    at process.processTicksAndRejections (node:internal/process/task_queues:105:5)
    at async updateStudent (D:\sms-project\api\src\controllers\studentController.js:67:28)
[2025-07-09 22:11:06] Error: Bind parameters must not contain undefined. To pass SQL NULL specify JS null
    at StudentModel.update (D:\sms-project\api\src\models\studentModel.js:303:13)
    at process.processTicksAndRejections (node:internal/process/task_queues:105:5)
    at async updateStudent (D:\sms-project\api\src\controllers\studentController.js:67:28)
[2025-07-10 06:47:59] Error: Bind parameters must not contain undefined. To pass SQL NULL specify JS null
    at StudentModel.update (D:\sms-project\api\src\models\studentModel.js:303:13)
    at process.processTicksAndRejections (node:internal/process/task_queues:105:5)
    at async updateStudent (D:\sms-project\api\src\controllers\studentController.js:67:28)
[2025-07-10 06:48:22] Error: Bind parameters must not contain undefined. To pass SQL NULL specify JS null
    at StudentModel.update (D:\sms-project\api\src\models\studentModel.js:303:13)
    at process.processTicksAndRejections (node:internal/process/task_queues:105:5)
    at async updateStudent (D:\sms-project\api\src\controllers\studentController.js:67:28)
[2025-07-10 09:10:29] Error: Missing required field: email
    at StudentModel.update (D:\sms-project\api\src\models\studentModel.js:314:13)
    at process.processTicksAndRejections (node:internal/process/task_queues:105:5)
    at async updateStudent (D:\sms-project\api\src\controllers\studentController.js:67:28)
[2025-07-10 09:11:29] Error: Bind parameters must not contain undefined. To pass SQL NULL specify JS null
    at StudentModel.update (D:\sms-project\api\src\models\studentModel.js:302:13)
    at process.processTicksAndRejections (node:internal/process/task_queues:105:5)
    at async updateStudent (D:\sms-project\api\src\controllers\studentController.js:67:28)
