[2025-07-24 15:01:09] TypeError: TeacherPositionModel.getAll is not a function
    at getAll (D:\sms-project\api\src\controllers\teacherPositionController.js:28:57)
    at Layer.handleRequest (D:\sms-project\api\node_modules\router\lib\layer.js:152:17)
    at next (D:\sms-project\api\node_modules\router\lib\route.js:157:13)
    at Route.dispatch (D:\sms-project\api\node_modules\router\lib\route.js:117:3)
    at handle (D:\sms-project\api\node_modules\router\index.js:435:11)
    at Layer.handleRequest (D:\sms-project\api\node_modules\router\lib\layer.js:152:17)
    at D:\sms-project\api\node_modules\router\index.js:295:15
    at processParams (D:\sms-project\api\node_modules\router\index.js:582:12)
    at next (D:\sms-project\api\node_modules\router\index.js:291:5)
    at Function.handle (D:\sms-project\api\node_modules\router\index.js:186:3)
[2025-07-24 15:02:17] TypeError: TeacherPositionModel.getAll is not a function
    at getAll (D:\sms-project\api\src\controllers\teacherPositionController.js:28:57)
    at Layer.handleRequest (D:\sms-project\api\node_modules\router\lib\layer.js:152:17)
    at next (D:\sms-project\api\node_modules\router\lib\route.js:157:13)
    at Route.dispatch (D:\sms-project\api\node_modules\router\lib\route.js:117:3)
    at handle (D:\sms-project\api\node_modules\router\index.js:435:11)
    at Layer.handleRequest (D:\sms-project\api\node_modules\router\lib\layer.js:152:17)
    at D:\sms-project\api\node_modules\router\index.js:295:15
    at processParams (D:\sms-project\api\node_modules\router\index.js:582:12)
    at next (D:\sms-project\api\node_modules\router\index.js:291:5)
    at Function.handle (D:\sms-project\api\node_modules\router\index.js:186:3)
[2025-07-24 15:03:13] TypeError: TeacherPositionModel.getAll is not a function
    at getAll (D:\sms-project\api\src\controllers\teacherPositionController.js:28:57)
    at Layer.handleRequest (D:\sms-project\api\node_modules\router\lib\layer.js:152:17)
    at next (D:\sms-project\api\node_modules\router\lib\route.js:157:13)
    at Route.dispatch (D:\sms-project\api\node_modules\router\lib\route.js:117:3)
    at handle (D:\sms-project\api\node_modules\router\index.js:435:11)
    at Layer.handleRequest (D:\sms-project\api\node_modules\router\lib\layer.js:152:17)
    at D:\sms-project\api\node_modules\router\index.js:295:15
    at processParams (D:\sms-project\api\node_modules\router\index.js:582:12)
    at next (D:\sms-project\api\node_modules\router\index.js:291:5)
    at Function.handle (D:\sms-project\api\node_modules\router\index.js:186:3)
[2025-07-24 15:04:10] TypeError: TeacherPositionModel.getAll is not a function
    at getAll (D:\sms-project\api\src\controllers\teacherPositionController.js:28:57)
    at Layer.handleRequest (D:\sms-project\api\node_modules\router\lib\layer.js:152:17)
    at next (D:\sms-project\api\node_modules\router\lib\route.js:157:13)
    at Route.dispatch (D:\sms-project\api\node_modules\router\lib\route.js:117:3)
    at handle (D:\sms-project\api\node_modules\router\index.js:435:11)
    at Layer.handleRequest (D:\sms-project\api\node_modules\router\lib\layer.js:152:17)
    at D:\sms-project\api\node_modules\router\index.js:295:15
    at processParams (D:\sms-project\api\node_modules\router\index.js:582:12)
    at next (D:\sms-project\api\node_modules\router\index.js:291:5)
    at Function.handle (D:\sms-project\api\node_modules\router\index.js:186:3)
[2025-07-24 15:04:42] TypeError: TeacherPositionModel.getAll is not a function
    at getAll (D:\sms-project\api\src\controllers\teacherPositionController.js:29:57)
    at Layer.handleRequest (D:\sms-project\api\node_modules\router\lib\layer.js:152:17)
    at next (D:\sms-project\api\node_modules\router\lib\route.js:157:13)
    at Route.dispatch (D:\sms-project\api\node_modules\router\lib\route.js:117:3)
    at handle (D:\sms-project\api\node_modules\router\index.js:435:11)
    at Layer.handleRequest (D:\sms-project\api\node_modules\router\lib\layer.js:152:17)
    at D:\sms-project\api\node_modules\router\index.js:295:15
    at processParams (D:\sms-project\api\node_modules\router\index.js:582:12)
    at next (D:\sms-project\api\node_modules\router\index.js:291:5)
    at Function.handle (D:\sms-project\api\node_modules\router\index.js:186:3)
[2025-07-24 15:05:15] TypeError: TeacherPositionModel.getAll is not a function
    at getAll (D:\sms-project\api\src\controllers\teacherPositionController.js:29:57)
    at Layer.handleRequest (D:\sms-project\api\node_modules\router\lib\layer.js:152:17)
    at next (D:\sms-project\api\node_modules\router\lib\route.js:157:13)
    at Route.dispatch (D:\sms-project\api\node_modules\router\lib\route.js:117:3)
    at handle (D:\sms-project\api\node_modules\router\index.js:435:11)
    at Layer.handleRequest (D:\sms-project\api\node_modules\router\lib\layer.js:152:17)
    at D:\sms-project\api\node_modules\router\index.js:295:15
    at processParams (D:\sms-project\api\node_modules\router\index.js:582:12)
    at next (D:\sms-project\api\node_modules\router\index.js:291:5)
    at Function.handle (D:\sms-project\api\node_modules\router\index.js:186:3)
[2025-07-24 15:05:35] TypeError: TeacherPositionModel.getAll is not a function
    at getAll (D:\sms-project\api\src\controllers\teacherPositionController.js:29:57)
    at Layer.handleRequest (D:\sms-project\api\node_modules\router\lib\layer.js:152:17)
    at next (D:\sms-project\api\node_modules\router\lib\route.js:157:13)
    at Route.dispatch (D:\sms-project\api\node_modules\router\lib\route.js:117:3)
    at handle (D:\sms-project\api\node_modules\router\index.js:435:11)
    at Layer.handleRequest (D:\sms-project\api\node_modules\router\lib\layer.js:152:17)
    at D:\sms-project\api\node_modules\router\index.js:295:15
    at processParams (D:\sms-project\api\node_modules\router\index.js:582:12)
    at next (D:\sms-project\api\node_modules\router\index.js:291:5)
    at Function.handle (D:\sms-project\api\node_modules\router\index.js:186:3)
[2025-07-24 15:05:53] TypeError: TeacherPositionModel.getAll is not a function
    at getAll (D:\sms-project\api\src\controllers\teacherPositionController.js:29:57)
    at Layer.handleRequest (D:\sms-project\api\node_modules\router\lib\layer.js:152:17)
    at next (D:\sms-project\api\node_modules\router\lib\route.js:157:13)
    at Route.dispatch (D:\sms-project\api\node_modules\router\lib\route.js:117:3)
    at handle (D:\sms-project\api\node_modules\router\index.js:435:11)
    at Layer.handleRequest (D:\sms-project\api\node_modules\router\lib\layer.js:152:17)
    at D:\sms-project\api\node_modules\router\index.js:295:15
    at processParams (D:\sms-project\api\node_modules\router\index.js:582:12)
    at next (D:\sms-project\api\node_modules\router\index.js:291:5)
    at Function.handle (D:\sms-project\api\node_modules\router\index.js:186:3)
[2025-07-24 15:06:06] TypeError: TeacherPositionModel.getAll is not a function
    at getAll (D:\sms-project\api\src\controllers\teacherPositionController.js:29:57)
    at Layer.handleRequest (D:\sms-project\api\node_modules\router\lib\layer.js:152:17)
    at next (D:\sms-project\api\node_modules\router\lib\route.js:157:13)
    at Route.dispatch (D:\sms-project\api\node_modules\router\lib\route.js:117:3)
    at handle (D:\sms-project\api\node_modules\router\index.js:435:11)
    at Layer.handleRequest (D:\sms-project\api\node_modules\router\lib\layer.js:152:17)
    at D:\sms-project\api\node_modules\router\index.js:295:15
    at processParams (D:\sms-project\api\node_modules\router\index.js:582:12)
    at next (D:\sms-project\api\node_modules\router\index.js:291:5)
    at Function.handle (D:\sms-project\api\node_modules\router\index.js:186:3)
[2025-07-24 15:07:07] TypeError: TeacherPositionModel.getAll is not a function
    at getAll (D:\sms-project\api\src\controllers\teacherPositionController.js:28:57)
    at Layer.handleRequest (D:\sms-project\api\node_modules\router\lib\layer.js:152:17)
    at next (D:\sms-project\api\node_modules\router\lib\route.js:157:13)
    at Route.dispatch (D:\sms-project\api\node_modules\router\lib\route.js:117:3)
    at handle (D:\sms-project\api\node_modules\router\index.js:435:11)
    at Layer.handleRequest (D:\sms-project\api\node_modules\router\lib\layer.js:152:17)
    at D:\sms-project\api\node_modules\router\index.js:295:15
    at processParams (D:\sms-project\api\node_modules\router\index.js:582:12)
    at next (D:\sms-project\api\node_modules\router\index.js:291:5)
    at Function.handle (D:\sms-project\api\node_modules\router\index.js:186:3)
[2025-07-24 15:08:00] TypeError: TeacherPositionModel.getAll is not a function
    at getAll (D:\sms-project\api\src\controllers\teacherPositionController.js:28:57)
    at Layer.handleRequest (D:\sms-project\api\node_modules\router\lib\layer.js:152:17)
    at next (D:\sms-project\api\node_modules\router\lib\route.js:157:13)
    at Route.dispatch (D:\sms-project\api\node_modules\router\lib\route.js:117:3)
    at handle (D:\sms-project\api\node_modules\router\index.js:435:11)
    at Layer.handleRequest (D:\sms-project\api\node_modules\router\lib\layer.js:152:17)
    at D:\sms-project\api\node_modules\router\index.js:295:15
    at processParams (D:\sms-project\api\node_modules\router\index.js:582:12)
    at next (D:\sms-project\api\node_modules\router\index.js:291:5)
    at Function.handle (D:\sms-project\api\node_modules\router\index.js:186:3)
[2025-07-24 15:08:42] TypeError: TeacherPositionModel.getAll is not a function
    at getAll (D:\sms-project\api\src\controllers\teacherPositionController.js:28:57)
    at Layer.handleRequest (D:\sms-project\api\node_modules\router\lib\layer.js:152:17)
    at next (D:\sms-project\api\node_modules\router\lib\route.js:157:13)
    at Route.dispatch (D:\sms-project\api\node_modules\router\lib\route.js:117:3)
    at handle (D:\sms-project\api\node_modules\router\index.js:435:11)
    at Layer.handleRequest (D:\sms-project\api\node_modules\router\lib\layer.js:152:17)
    at D:\sms-project\api\node_modules\router\index.js:295:15
    at processParams (D:\sms-project\api\node_modules\router\index.js:582:12)
    at next (D:\sms-project\api\node_modules\router\index.js:291:5)
    at Function.handle (D:\sms-project\api\node_modules\router\index.js:186:3)
[2025-07-24 15:09:30] TypeError: TeacherPositionModel.getAll is not a function
    at getAll (D:\sms-project\api\src\controllers\teacherPositionController.js:28:57)
    at Layer.handleRequest (D:\sms-project\api\node_modules\router\lib\layer.js:152:17)
    at next (D:\sms-project\api\node_modules\router\lib\route.js:157:13)
    at Route.dispatch (D:\sms-project\api\node_modules\router\lib\route.js:117:3)
    at handle (D:\sms-project\api\node_modules\router\index.js:435:11)
    at Layer.handleRequest (D:\sms-project\api\node_modules\router\lib\layer.js:152:17)
    at D:\sms-project\api\node_modules\router\index.js:295:15
    at processParams (D:\sms-project\api\node_modules\router\index.js:582:12)
    at next (D:\sms-project\api\node_modules\router\index.js:291:5)
    at Function.handle (D:\sms-project\api\node_modules\router\index.js:186:3)
[2025-07-24 15:10:22] TypeError: TeacherPositionModel.getAll is not a function
    at getAll (D:\sms-project\api\src\controllers\teacherPositionController.js:28:57)
    at Layer.handleRequest (D:\sms-project\api\node_modules\router\lib\layer.js:152:17)
    at next (D:\sms-project\api\node_modules\router\lib\route.js:157:13)
    at Route.dispatch (D:\sms-project\api\node_modules\router\lib\route.js:117:3)
    at handle (D:\sms-project\api\node_modules\router\index.js:435:11)
    at Layer.handleRequest (D:\sms-project\api\node_modules\router\lib\layer.js:152:17)
    at D:\sms-project\api\node_modules\router\index.js:295:15
    at processParams (D:\sms-project\api\node_modules\router\index.js:582:12)
    at next (D:\sms-project\api\node_modules\router\index.js:291:5)
    at Function.handle (D:\sms-project\api\node_modules\router\index.js:186:3)
[2025-07-24 15:11:01] TypeError: TeacherPositionModel.getAll is not a function
    at getAll (D:\sms-project\api\src\controllers\teacherPositionController.js:28:57)
    at Layer.handleRequest (D:\sms-project\api\node_modules\router\lib\layer.js:152:17)
    at next (D:\sms-project\api\node_modules\router\lib\route.js:157:13)
    at Route.dispatch (D:\sms-project\api\node_modules\router\lib\route.js:117:3)
    at handle (D:\sms-project\api\node_modules\router\index.js:435:11)
    at Layer.handleRequest (D:\sms-project\api\node_modules\router\lib\layer.js:152:17)
    at D:\sms-project\api\node_modules\router\index.js:295:15
    at processParams (D:\sms-project\api\node_modules\router\index.js:582:12)
    at next (D:\sms-project\api\node_modules\router\index.js:291:5)
    at Function.handle (D:\sms-project\api\node_modules\router\index.js:186:3)
[2025-07-24 15:12:29] TypeError: TeacherPositionModel.getAll is not a function
    at getAll (D:\sms-project\api\src\controllers\teacherPositionController.js:28:57)
    at Layer.handleRequest (D:\sms-project\api\node_modules\router\lib\layer.js:152:17)
    at next (D:\sms-project\api\node_modules\router\lib\route.js:157:13)
    at Route.dispatch (D:\sms-project\api\node_modules\router\lib\route.js:117:3)
    at handle (D:\sms-project\api\node_modules\router\index.js:435:11)
    at Layer.handleRequest (D:\sms-project\api\node_modules\router\lib\layer.js:152:17)
    at D:\sms-project\api\node_modules\router\index.js:295:15
    at processParams (D:\sms-project\api\node_modules\router\index.js:582:12)
    at next (D:\sms-project\api\node_modules\router\index.js:291:5)
    at Function.handle (D:\sms-project\api\node_modules\router\index.js:186:3)
[2025-07-24 15:14:00] TypeError: TeacherPositionModel.getAll is not a function
    at getAll (D:\sms-project\api\src\controllers\teacherPositionController.js:28:57)
    at Layer.handleRequest (D:\sms-project\api\node_modules\router\lib\layer.js:152:17)
    at next (D:\sms-project\api\node_modules\router\lib\route.js:157:13)
    at Route.dispatch (D:\sms-project\api\node_modules\router\lib\route.js:117:3)
    at handle (D:\sms-project\api\node_modules\router\index.js:435:11)
    at Layer.handleRequest (D:\sms-project\api\node_modules\router\lib\layer.js:152:17)
    at D:\sms-project\api\node_modules\router\index.js:295:15
    at processParams (D:\sms-project\api\node_modules\router\index.js:582:12)
    at next (D:\sms-project\api\node_modules\router\index.js:291:5)
    at Function.handle (D:\sms-project\api\node_modules\router\index.js:186:3)
[2025-07-24 15:14:34] TypeError: TeacherPositionModel.get is not a function
    at getAll (D:\sms-project\api\src\controllers\teacherPositionController.js:28:57)
    at Layer.handleRequest (D:\sms-project\api\node_modules\router\lib\layer.js:152:17)
    at next (D:\sms-project\api\node_modules\router\lib\route.js:157:13)
    at Route.dispatch (D:\sms-project\api\node_modules\router\lib\route.js:117:3)
    at handle (D:\sms-project\api\node_modules\router\index.js:435:11)
    at Layer.handleRequest (D:\sms-project\api\node_modules\router\lib\layer.js:152:17)
    at D:\sms-project\api\node_modules\router\index.js:295:15
    at processParams (D:\sms-project\api\node_modules\router\index.js:582:12)
    at next (D:\sms-project\api\node_modules\router\index.js:291:5)
    at Function.handle (D:\sms-project\api\node_modules\router\index.js:186:3)
[2025-07-24 15:16:25] TypeError: Cannot read properties of undefined (reading 'validate')
    at create (D:\sms-project\api\src\controllers\teacherPositionController.js:11:54)
    at Layer.handleRequest (D:\sms-project\api\node_modules\router\lib\layer.js:152:17)
    at next (D:\sms-project\api\node_modules\router\lib\route.js:157:13)
    at Route.dispatch (D:\sms-project\api\node_modules\router\lib\route.js:117:3)
    at handle (D:\sms-project\api\node_modules\router\index.js:435:11)
    at Layer.handleRequest (D:\sms-project\api\node_modules\router\lib\layer.js:152:17)
    at D:\sms-project\api\node_modules\router\index.js:295:15
    at processParams (D:\sms-project\api\node_modules\router\index.js:582:12)
    at next (D:\sms-project\api\node_modules\router\index.js:291:5)
    at Function.handle (D:\sms-project\api\node_modules\router\index.js:186:3)
[2025-07-24 15:16:42] TypeError: Cannot read properties of undefined (reading 'validate')
    at create (D:\sms-project\api\src\controllers\teacherPositionController.js:11:54)
    at Layer.handleRequest (D:\sms-project\api\node_modules\router\lib\layer.js:152:17)
    at next (D:\sms-project\api\node_modules\router\lib\route.js:157:13)
    at Route.dispatch (D:\sms-project\api\node_modules\router\lib\route.js:117:3)
    at handle (D:\sms-project\api\node_modules\router\index.js:435:11)
    at Layer.handleRequest (D:\sms-project\api\node_modules\router\lib\layer.js:152:17)
    at D:\sms-project\api\node_modules\router\index.js:295:15
    at processParams (D:\sms-project\api\node_modules\router\index.js:582:12)
    at next (D:\sms-project\api\node_modules\router\index.js:291:5)
    at Function.handle (D:\sms-project\api\node_modules\router\index.js:186:3)
[2025-07-24 15:17:49] Error: Duplicate entry '1' for key 'PRIMARY'
    at PromisePoolConnection.execute (D:\sms-project\api\node_modules\mysql2\lib\promise\connection.js:47:22)
    at TeacherPositionModel.create (D:\sms-project\api\src\models\teacherPositionModel.js:9:47)
    at process.processTicksAndRejections (node:internal/process/task_queues:105:5)
    at async create (D:\sms-project\api\src\controllers\teacherPositionController.js:15:29)
[2025-07-24 15:18:19] Error: Duplicate entry '2' for key 'PRIMARY'
    at PromisePoolConnection.execute (D:\sms-project\api\node_modules\mysql2\lib\promise\connection.js:47:22)
    at TeacherPositionModel.create (D:\sms-project\api\src\models\teacherPositionModel.js:9:47)
    at process.processTicksAndRejections (node:internal/process/task_queues:105:5)
    at async create (D:\sms-project\api\src\controllers\teacherPositionController.js:15:29)
